This is pdfTeX, Version 3.14159265-2.6-1.40.20 (TeX Live 2019/Debian) (preloaded format=pdflatex 2021.10.28)  25 APR 2023 17:33
entering extended mode
 restricted \write18 enabled.
 file:line:error style messages enabled.
 %&-line parsing enabled.
**/home/hamza/university_admissions/UCSC/Research/I2I_Search/KD-Trees/kdtree.tex
(/home/hamza/university_admissions/UCSC/Research/I2I_Search/KD-Trees/kdtree.tex
LaTeX2e <2020-02-02> patch level 2
L3 programming layer <2020-02-14> (/usr/share/texlive/texmf-dist/tex/latex/base/article.cls
Document Class: article 2019/12/20 v1.4l Standard LaTeX document class
(/usr/share/texlive/texmf-dist/tex/latex/base/size10.clo
File: size10.clo 2019/12/20 v1.4l Standard LaTeX file (size option)
)
\c@part=\count167
\c@section=\count168
\c@subsection=\count169
\c@subsubsection=\count170
\c@paragraph=\count171
\c@subparagraph=\count172
\c@figure=\count173
\c@table=\count174
\abovecaptionskip=\skip47
\belowcaptionskip=\skip48
\bibindent=\dimen134
) (/usr/share/texlive/texmf-dist/tex/latex/graphics/graphicx.sty
Package: graphicx 2019/11/30 v1.2a Enhanced LaTeX Graphics (DPC,SPQR)
 (/usr/share/texlive/texmf-dist/tex/latex/graphics/keyval.sty
Package: keyval 2014/10/28 v1.15 key=value parser (DPC)
\KV@toks@=\toks14
) (/usr/share/texlive/texmf-dist/tex/latex/graphics/graphics.sty
Package: graphics 2019/11/30 v1.4a Standard LaTeX Graphics (DPC,SPQR)
 (/usr/share/texlive/texmf-dist/tex/latex/graphics/trig.sty
Package: trig 2016/01/03 v1.10 sin cos tan (DPC)
) (/usr/share/texlive/texmf-dist/tex/latex/graphics-cfg/graphics.cfg
File: graphics.cfg 2016/06/04 v1.11 sample graphics configuration
)
Package graphics Info: Driver file: pdftex.def on input line 105.
 (/usr/share/texlive/texmf-dist/tex/latex/graphics-def/pdftex.def
File: pdftex.def 2018/01/08 v1.0l Graphics/color driver for pdftex
))
\Gin@req@height=\dimen135
\Gin@req@width=\dimen136
) (/usr/share/texlive/texmf-dist/tex/latex/algorithms/algorithm.sty
Package: algorithm 2009/08/24 v0.1 Document Style `algorithm' - floating environment
 (/usr/share/texlive/texmf-dist/tex/latex/float/float.sty
Package: float 2001/11/08 v1.3d Float enhancements (AL)
\c@float@type=\count175
\float@exts=\toks15
\float@box=\box45
\@float@everytoks=\toks16
\@floatcapt=\box46
) (/usr/share/texlive/texmf-dist/tex/latex/base/ifthen.sty
Package: ifthen 2014/09/29 v1.1c Standard LaTeX ifthen package (DPC)
)
\@float@every@algorithm=\toks17
\c@algorithm=\count176
) (/usr/share/texlive/texmf-dist/tex/latex/algorithmicx/algpseudocode.sty
Package: algpseudocode 
 (/usr/share/texlive/texmf-dist/tex/latex/algorithmicx/algorithmicx.sty
Package: algorithmicx 2005/04/27 v1.2 Algorithmicx

Document Style algorithmicx 1.2 - a greatly improved `algorithmic' style
\c@ALG@line=\count177
\c@ALG@rem=\count178
\c@ALG@nested=\count179
\ALG@tlm=\skip49
\ALG@thistlm=\skip50
\c@ALG@Lnr=\count180
\c@ALG@blocknr=\count181
\c@ALG@storecount=\count182
\c@ALG@tmpcounter=\count183
\ALG@tmplength=\skip51
)
Document Style - pseudocode environments for use with the `algorithmicx' style
) (/usr/share/texlive/texmf-dist/tex/latex/mathtools/mathtools.sty
Package: mathtools 2020/01/17 v1.23 mathematical typesetting tools
 (/usr/share/texlive/texmf-dist/tex/latex/tools/calc.sty
Package: calc 2017/05/25 v4.3 Infix arithmetic (KKT,FJ)
\calc@Acount=\count184
\calc@Bcount=\count185
\calc@Adimen=\dimen137
\calc@Bdimen=\dimen138
\calc@Askip=\skip52
\calc@Bskip=\skip53
LaTeX Info: Redefining \setlength on input line 80.
LaTeX Info: Redefining \addtolength on input line 81.
\calc@Ccount=\count186
\calc@Cskip=\skip54
) (/usr/share/texlive/texmf-dist/tex/latex/mathtools/mhsetup.sty
Package: mhsetup 2017/03/31 v1.3 programming setup (MH)
) (/usr/share/texlive/texmf-dist/tex/latex/amsmath/amsmath.sty
Package: amsmath 2020/01/20 v2.17e AMS math features
\@mathmargin=\skip55

For additional information on amsmath, use the `?' option.
(/usr/share/texlive/texmf-dist/tex/latex/amsmath/amstext.sty
Package: amstext 2000/06/29 v2.01 AMS text
 (/usr/share/texlive/texmf-dist/tex/latex/amsmath/amsgen.sty
File: amsgen.sty 1999/11/30 v2.0 generic functions
\@emptytoks=\toks18
\ex@=\dimen139
)) (/usr/share/texlive/texmf-dist/tex/latex/amsmath/amsbsy.sty
Package: amsbsy 1999/11/29 v1.2d Bold Symbols
\pmbraise@=\dimen140
) (/usr/share/texlive/texmf-dist/tex/latex/amsmath/amsopn.sty
Package: amsopn 2016/03/08 v2.02 operator names
)
\inf@bad=\count187
LaTeX Info: Redefining \frac on input line 227.
\uproot@=\count188
\leftroot@=\count189
LaTeX Info: Redefining \overline on input line 389.
\classnum@=\count190
\DOTSCASE@=\count191
LaTeX Info: Redefining \ldots on input line 486.
LaTeX Info: Redefining \dots on input line 489.
LaTeX Info: Redefining \cdots on input line 610.
\Mathstrutbox@=\box47
\strutbox@=\box48
\big@size=\dimen141
LaTeX Font Info:    Redeclaring font encoding OML on input line 733.
LaTeX Font Info:    Redeclaring font encoding OMS on input line 734.
\macc@depth=\count192
\c@MaxMatrixCols=\count193
\dotsspace@=\muskip16
\c@parentequation=\count194
\dspbrk@lvl=\count195
\tag@help=\toks19
\row@=\count196
\column@=\count197
\maxfields@=\count198
\andhelp@=\toks20
\eqnshift@=\dimen142
\alignsep@=\dimen143
\tagshift@=\dimen144
\tagwidth@=\dimen145
\totwidth@=\dimen146
\lineht@=\dimen147
\@envbody=\toks21
\multlinegap=\skip56
\multlinetaggap=\skip57
\mathdisplay@stack=\toks22
LaTeX Info: Redefining \[ on input line 2859.
LaTeX Info: Redefining \] on input line 2860.
)
LaTeX Info: Thecontrolsequence`\('isalreadyrobust on input line 129.
LaTeX Info: Thecontrolsequence`\)'isalreadyrobust on input line 129.
LaTeX Info: Thecontrolsequence`\['isalreadyrobust on input line 129.
LaTeX Info: Thecontrolsequence`\]'isalreadyrobust on input line 129.
\g_MT_multlinerow_int=\count199
\l_MT_multwidth_dim=\dimen148
\origjot=\skip58
\l_MT_shortvdotswithinadjustabove_dim=\dimen149
\l_MT_shortvdotswithinadjustbelow_dim=\dimen150
\l_MT_above_intertext_sep=\dimen151
\l_MT_below_intertext_sep=\dimen152
\l_MT_above_shortintertext_sep=\dimen153
\l_MT_below_shortintertext_sep=\dimen154
) (/usr/share/texlive/texmf-dist/tex/latex/xcolor/xcolor.sty
Package: xcolor 2016/05/11 v2.12 LaTeX color extensions (UK)
 (/usr/share/texlive/texmf-dist/tex/latex/graphics-cfg/color.cfg
File: color.cfg 2016/01/02 v1.6 sample color configuration
)
Package xcolor Info: Driver file: pdftex.def on input line 225.
Package xcolor Info: Model `cmy' substituted by `cmy0' on input line 1348.
Package xcolor Info: Model `hsb' substituted by `rgb' on input line 1352.
Package xcolor Info: Model `RGB' extended on input line 1364.
Package xcolor Info: Model `HTML' substituted by `rgb' on input line 1366.
Package xcolor Info: Model `Hsb' substituted by `hsb' on input line 1367.
Package xcolor Info: Model `tHsb' substituted by `hsb' on input line 1368.
Package xcolor Info: Model `HSB' substituted by `hsb' on input line 1369.
Package xcolor Info: Model `Gray' substituted by `gray' on input line 1370.
Package xcolor Info: Model `wave' substituted by `hsb' on input line 1371.
) (/usr/share/texlive/texmf-dist/tex/latex/l3backend/l3backend-pdfmode.def
File: l3backend-pdfmode.def 2020-02-03 L3 backend support: PDF mode
\l__kernel_color_stack_int=\count266
\l__pdf_internal_box=\box49
) (/home/hamza/university_admissions/UCSC/Research/I2I_Search/KD-Trees/kdtree.aux

LaTeX Warning: Label `alg:cap' multiply defined.


LaTeX Warning: Label `alg:cap' multiply defined.


LaTeX Warning: Label `alg:cap' multiply defined.

)
\openout1 = `kdtree.aux'.

LaTeX Font Info:    Checking defaults for OML/cmm/m/it on input line 12.
LaTeX Font Info:    ... okay on input line 12.
LaTeX Font Info:    Checking defaults for OMS/cmsy/m/n on input line 12.
LaTeX Font Info:    ... okay on input line 12.
LaTeX Font Info:    Checking defaults for OT1/cmr/m/n on input line 12.
LaTeX Font Info:    ... okay on input line 12.
LaTeX Font Info:    Checking defaults for T1/cmr/m/n on input line 12.
LaTeX Font Info:    ... okay on input line 12.
LaTeX Font Info:    Checking defaults for TS1/cmr/m/n on input line 12.
LaTeX Font Info:    ... okay on input line 12.
LaTeX Font Info:    Checking defaults for OMX/cmex/m/n on input line 12.
LaTeX Font Info:    ... okay on input line 12.
LaTeX Font Info:    Checking defaults for U/cmr/m/n on input line 12.
LaTeX Font Info:    ... okay on input line 12.
 (/usr/share/texlive/texmf-dist/tex/context/base/mkii/supp-pdf.mkii
[Loading MPS to PDF converter (version 2006.09.02).]
\scratchcounter=\count267
\scratchdimen=\dimen155
\scratchbox=\box50
\nofMPsegments=\count268
\nofMParguments=\count269
\everyMPshowfont=\toks23
\MPscratchCnt=\count270
\MPscratchDim=\dimen156
\MPnumerator=\count271
\makeMPintoPDFobject=\count272
\everyMPtoPDFconversion=\toks24
) (/usr/share/texlive/texmf-dist/tex/latex/epstopdf-pkg/epstopdf-base.sty
Package: epstopdf-base 2020-01-24 v2.11 Base part for package epstopdf
Package epstopdf-base Info: Redefining graphics rule for `.eps' on input line 485.
 (/usr/share/texlive/texmf-dist/tex/latex/latexconfig/epstopdf-sys.cfg
File: epstopdf-sys.cfg 2010/07/13 v1.3 Configuration of (r)epstopdf for TeX Live
))
Overfull \hbox (0.86919pt too wide) in paragraph at lines 56--57
[] $\OML/cmm/m/it/10 Search\OT1/cmr/m/n/10 (\OML/cmm/m/it/10 query; depth \OT1/cmr/m/n/10 + 1\OML/cmm/m/it/10 ; dim; k; node:left; maxHeap; section[]reached\OT1/cmr/m/n/10 )$ 
 []


Overfull \hbox (6.18463pt too wide) in paragraph at lines 59--60
[] $\OML/cmm/m/it/10 Search\OT1/cmr/m/n/10 (\OML/cmm/m/it/10 query; depth \OT1/cmr/m/n/10 + 1\OML/cmm/m/it/10 ; dim; k; node:right; maxHeap; section[]reached\OT1/cmr/m/n/10 )$ 
 []


Overfull \hbox (12.82521pt too wide) in paragraph at lines 69--70
[] $\OML/cmm/m/it/10 Search\OT1/cmr/m/n/10 (\OML/cmm/m/it/10 query; depth \OMS/cmsy/m/n/10 ^^@ \OT1/cmr/m/n/10 1\OML/cmm/m/it/10 ; dim; k; node:parent; maxHeap; section[]reached\OT1/cmr/m/n/10 )$ 
 []


Overfull \hbox (27.82523pt too wide) in paragraph at lines 72--73
[] $\OML/cmm/m/it/10 Search\OT1/cmr/m/n/10 (\OML/cmm/m/it/10 query; depth \OMS/cmsy/m/n/10 ^^@ \OT1/cmr/m/n/10 1\OML/cmm/m/it/10 ; dim; k; node:parent; maxHeap; section[]reached\OT1/cmr/m/n/10 )$ 
 []


Overfull \hbox (21.18465pt too wide) in paragraph at lines 74--75
[] $\OML/cmm/m/it/10 Search\OT1/cmr/m/n/10 (\OML/cmm/m/it/10 query; depth \OT1/cmr/m/n/10 + 1\OML/cmm/m/it/10 ; dim; k; node:right; maxHeap; section[]reached\OT1/cmr/m/n/10 )$ 
 []


Overfull \hbox (15.8692pt too wide) in paragraph at lines 76--77
[] $\OML/cmm/m/it/10 Search\OT1/cmr/m/n/10 (\OML/cmm/m/it/10 query; depth \OT1/cmr/m/n/10 + 1\OML/cmm/m/it/10 ; dim; k; node:left; maxHeap; section[]reached\OT1/cmr/m/n/10 )$ 
 []


Overfull \hbox (15.8692pt too wide) in paragraph at lines 78--79
[] $\OML/cmm/m/it/10 Search\OT1/cmr/m/n/10 (\OML/cmm/m/it/10 query; depth \OT1/cmr/m/n/10 + 1\OML/cmm/m/it/10 ; dim; k; node:left; maxHeap; section[]reached\OT1/cmr/m/n/10 )$ 
 []


Overfull \hbox (21.18465pt too wide) in paragraph at lines 79--80
[] $\OML/cmm/m/it/10 Search\OT1/cmr/m/n/10 (\OML/cmm/m/it/10 query; depth \OT1/cmr/m/n/10 + 1\OML/cmm/m/it/10 ; dim; k; node:right; maxHeap; section[]reached\OT1/cmr/m/n/10 )$ 
 []


Overfull \hbox (89.82515pt too wide) in paragraph at lines 88--88
[]\OT1/cmr/bx/n/10 Algorithm 3 \OT1/cmr/m/n/10 Mod-i-fied-Search $(\OML/cmm/m/it/10 query; depth; dim; k; node; maxHeap; section[]reached; nodeCount; c\OT1/cmr/m/n/10 )$ 
 []

LaTeX Font Info:    Font shape `OT1/cmtt/bx/n' in size <8> not available
(Font)              Font shape `OT1/cmtt/m/n' tried instead on input line 91.

Overfull \hbox (9.58281pt too wide) in paragraph at lines 130--131
[] $\OML/cmm/m/it/8 ModifiedSearch\OT1/cmr/m/n/8 (\OML/cmm/m/it/8 query; depth \OMS/cmsy/m/n/8 ^^@ \OT1/cmr/m/n/8 1\OML/cmm/m/it/8 ; dim; k; node:parent; maxHeap; section[]reached\OT1/cmr/m/n/8 )$ 
 []


Overfull \hbox (3.81274pt too wide) in paragraph at lines 133--134
[] $\OML/cmm/m/it/8 ModifiedSearch\OT1/cmr/m/n/8 (\OML/cmm/m/it/8 query; depth \OT1/cmr/m/n/8 + 1\OML/cmm/m/it/8 ; dim; k; node:right; maxHeap; section[]reached\OT1/cmr/m/n/8 )$ 
 []


Overfull \hbox (3.81274pt too wide) in paragraph at lines 141--142
[] $\OML/cmm/m/it/8 ModifiedSearch\OT1/cmr/m/n/8 (\OML/cmm/m/it/8 query; depth \OT1/cmr/m/n/8 + 1\OML/cmm/m/it/8 ; dim; k; node:right; maxHeap; section[]reached\OT1/cmr/m/n/8 )$ 
 []


Overfull \hbox (92.93628pt too wide) in paragraph at lines 151--151
[]\OT1/cmr/bx/n/10 Algorithm 4 \OT1/cmr/m/n/10 Obliv-i-ousSearch $(\OML/cmm/m/it/10 query; depth; dim; k; node; maxHeap; section[]reached; nodeCount; c\OT1/cmr/m/n/10 )$ 
 []


Overfull \hbox (9.14339pt too wide) in paragraph at lines 197--198
[] $\OML/cmm/m/it/8 ObliviousSearch\OT1/cmr/m/n/8 (\OML/cmm/m/it/8 query; depth \OMS/cmsy/m/n/8 ^^@ \OT1/cmr/m/n/8 1\OML/cmm/m/it/8 ; dim; k; node:parent; maxHeap; section[]reached\OT1/cmr/m/n/8 )$ 
 []


Overfull \hbox (3.37332pt too wide) in paragraph at lines 201--202
[] $\OML/cmm/m/it/8 ObliviousSearch\OT1/cmr/m/n/8 (\OML/cmm/m/it/8 query; depth \OT1/cmr/m/n/8 + 1\OML/cmm/m/it/8 ; dim; k; node:right; maxHeap; section[]reached\OT1/cmr/m/n/8 )$ 
 []


LaTeX Warning: Float too large for page by 59.15552pt on input line 220.

[1

{/var/lib/texmf/fonts/map/pdftex/updmap/pdftex.map}] [2] [3] [4] (/home/hamza/university_admissions/UCSC/Research/I2I_Search/KD-Trees/kdtree.aux)

LaTeX Warning: There were multiply-defined labels.

 ) 
Here is how much of TeX's memory you used:
 3442 strings out of 481239
 48753 string characters out of 5920376
 325282 words of memory out of 5000000
 18691 multiletter control sequences out of 15000+600000
 538086 words of font info for 46 fonts, out of 8000000 for 9000
 1141 hyphenation exceptions out of 8191
 37i,8n,37p,342b,440s stack positions out of 5000i,500n,10000p,200000b,80000s
</usr/share/texlive/texmf-dist/fonts/type1/public/amsfonts/cm/cmbx10.pfb></usr/share/texlive/texmf-dist/fonts/type1/public/amsfonts/cm/cmbx12.pfb></usr/share/texlive/texmf-dist/fonts/type1/public/amsfonts/cm/cmmi10.pfb></usr/share/texlive/texmf-dist/fonts/type1/public/amsfonts/cm/cmmi8.pfb></usr/share/texlive/texmf-dist/fonts/type1/public/amsfonts/cm/cmr10.pfb></usr/share/texlive/texmf-dist/fonts/type1/public/amsfonts/cm/cmr17.pfb></usr/share/texlive/texmf-dist/fonts/type1/public/amsfonts/cm/cmr8.pfb></usr/share/texlive/texmf-dist/fonts/type1/public/amsfonts/cm/cmsy10.pfb></usr/share/texlive/texmf-dist/fonts/type1/public/amsfonts/cm/cmsy8.pfb></usr/share/texlive/texmf-dist/fonts/type1/public/amsfonts/cm/cmtt8.pfb>
Output written on /home/hamza/university_admissions/UCSC/Research/I2I_Search/KD-Trees/kdtree.pdf (4 pages, 111090 bytes).
PDF statistics:
 57 PDF objects out of 1000 (max. 8388607)
 40 compressed objects within 1 object stream
 0 named destinations out of 1000 (max. 500000)
 1 words of extra memory for PDF output out of 10000 (max. 10000000)

